{
  "RSpec": {
    "coverage": {
      "/home/mhirtie/Documents/Work/gulp-runner/lib/gulp-runner.rb": [
        1,
        1,
        null,
        1,
        1,
        1,
        null,
        null,
        1,
        1,
        null
      ],
      "/home/mhirtie/Documents/Work/gulp-runner/lib/gulprunner/command_utils.rb": [
        1,
        1,
        1,
        3,
        3,
        3,
        null,
        3,
        3,
        1,
        null,
        null,
        1,
        3,
        3,
        3,
        36,
        36,
        36,
        null,
        null,
        null,
        null,
        null,
        null
      ],
      "/home/mhirtie/Documents/Work/gulp-runner/spec/gulp_spec.rb": [
        1,
        1,
        null,
        1,
        2,
        1,
        1,
        null,
        null,
        1,
        1,
        null,
        null
      ],
      "/home/mhirtie/Documents/Work/gulp-runner/lib/gulprunner/gulp.rb": [
        1,
        1,
        1,
        1,
        1,
        null,
        0,
        null,
        null,
        null,
        null,
        null,
        1,
        1,
        0,
        null,
        null,
        null
      ]
    },
    "timestamp": 1419606004
  }
}
