{
  "RSpec": {
    "coverage": {
      "/home/mhirtie/Documents/Work/gulp-runner/lib/gulp-runner.rb": [
        1,
        1,
        null,
        1,
        1,
        1,
        null,
        null,
        1,
        1,
        1,
        null
      ],
      "/home/mhirtie/Documents/Work/gulp-runner/lib/gulp-runner/command_utils.rb": [
        1,
        1,
        1,
        6,
        6,
        6,
        null,
        6,
        1,
        null,
        null,
        1,
        6,
        6,
        6,
        35,
        35,
        35,
        null,
        null,
        null,
        null,
        null,
        null
      ],
      "/home/mhirtie/Documents/Work/gulp-runner/spec/gulp_runner_rake_spec.rb": [
        1,
        1,
        null,
        1,
        1,
        3,
        3,
        3,
        3,
        null,
        null,
        1,
        1,
        1,
        null,
        null,
        null,
        1,
        1,
        2,
        null,
        null,
        1,
        1,
        1,
        null,
        null,
        1,
        1,
        1,
        null,
        null,
        null
      ],
      "/home/mhirtie/Documents/Work/gulp-runner/spec/gulp_spec.rb": [
        1,
        1,
        null,
        1,
        1,
        3,
        3,
        3,
        null,
        null,
        1,
        1,
        1,
        null,
        null,
        null,
        1,
        1,
        1,
        null,
        null,
        1,
        1,
        null,
        null,
        null
      ],
      "/home/mhirtie/Documents/Work/gulp-runner/lib/gulp-runner/gulp.rb": [
        1,
        1,
        1,
        2,
        null,
        null,
        1,
        2,
        null,
        null,
        1,
        1,
        0,
        null,
        null,
        1,
        4,
        null,
        null,
        1,
        4,
        4,
        null,
        0,
        null,
        null,
        null,
        null,
        null,
        null
      ],
      "/home/mhirtie/Documents/Work/gulp-runner/lib/tasks/gulp.rake": [
        null,
        null,
        null,
        null,
        null,
        1,
        1,
        1,
        0,
        null,
        null,
        1,
        1,
        0,
        null,
        null,
        null,
        1,
        1,
        null,
        null
      ]
    },
    "timestamp": 1421074716
  }
}
